[0.015s] Invoking command in '/home/sters/my_bot/build/my_bot': CMAKE_PREFIX_PATH=${CMAKE_PREFIX_PATH}:/opt/ros/jazzy DEBUGINFOD_URLS=https://debuginfod.ubuntu.com /usr/bin/cmake --build /home/sters/my_bot/build/my_bot -- -j4 -l4
[0.085s] Invoked command in '/home/sters/my_bot/build/my_bot' returned '0': CMAKE_PREFIX_PATH=${CMAKE_PREFIX_PATH}:/opt/ros/jazzy DEBUGINFOD_URLS=https://debuginfod.ubuntu.com /usr/bin/cmake --build /home/sters/my_bot/build/my_bot -- -j4 -l4
[0.137s] Invoking command in '/home/sters/my_bot/build/my_bot': CMAKE_PREFIX_PATH=${CMAKE_PREFIX_PATH}:/opt/ros/jazzy DEBUGINFOD_URLS=https://debuginfod.ubuntu.com /usr/bin/cmake --install /home/sters/my_bot/build/my_bot
[0.151s] -- Install configuration: ""
[0.151s] -- Execute custom install script
[0.152s] -- Up-to-date symlink: /home/sters/my_bot/install/my_bot/share/my_bot/config/drive_bot.rviz
[0.152s] -- Up-to-date symlink: /home/sters/my_bot/install/my_bot/share/my_bot/config/mapper_params_online_async.yaml
[0.152s] -- Up-to-date symlink: /home/sters/my_bot/install/my_bot/share/my_bot/config/view_bot.rviz
[0.152s] -- Up-to-date symlink: /home/sters/my_bot/install/my_bot/share/my_bot/description/gazebo_control.xacro
[0.152s] -- Up-to-date symlink: /home/sters/my_bot/install/my_bot/share/my_bot/description/inertial_macros.xacro
[0.152s] -- Up-to-date symlink: /home/sters/my_bot/install/my_bot/share/my_bot/description/lidar.xacro
[0.153s] -- Up-to-date symlink: /home/sters/my_bot/install/my_bot/share/my_bot/description/robot.urdf.xacro
[0.153s] -- Up-to-date symlink: /home/sters/my_bot/install/my_bot/share/my_bot/description/robot_core.xacro
[0.153s] -- Symlinking: /home/sters/my_bot/install/my_bot/share/my_bot/launch/launch_robot.launch.py
[0.169s] -- Up-to-date symlink: /home/sters/my_bot/install/my_bot/share/my_bot/launch/launch_sim.launch.py
[0.170s] -- Up-to-date symlink: /home/sters/my_bot/install/my_bot/share/my_bot/launch/rplidar.launch.py
[0.170s] -- Up-to-date symlink: /home/sters/my_bot/install/my_bot/share/my_bot/launch/rsp.launch.py
[0.170s] -- Up-to-date symlink: /home/sters/my_bot/install/my_bot/share/my_bot/worlds/building_robot.sdf
[0.170s] -- Up-to-date symlink: /home/sters/my_bot/install/my_bot/share/my_bot/worlds/empty.world
[0.170s] -- Up-to-date symlink: /home/sters/my_bot/install/my_bot/share/my_bot/worlds/obstacles.world
[0.170s] -- Up-to-date symlink: /home/sters/my_bot/install/my_bot/share/ament_index/resource_index/package_run_dependencies/my_bot
[0.171s] -- Up-to-date symlink: /home/sters/my_bot/install/my_bot/share/ament_index/resource_index/parent_prefix_path/my_bot
[0.171s] -- Up-to-date symlink: /home/sters/my_bot/install/my_bot/share/my_bot/environment/ament_prefix_path.sh
[0.171s] -- Up-to-date symlink: /home/sters/my_bot/install/my_bot/share/my_bot/environment/ament_prefix_path.dsv
[0.171s] -- Up-to-date symlink: /home/sters/my_bot/install/my_bot/share/my_bot/environment/path.sh
[0.172s] -- Up-to-date symlink: /home/sters/my_bot/install/my_bot/share/my_bot/environment/path.dsv
[0.172s] -- Up-to-date symlink: /home/sters/my_bot/install/my_bot/share/my_bot/local_setup.bash
[0.172s] -- Up-to-date symlink: /home/sters/my_bot/install/my_bot/share/my_bot/local_setup.sh
[0.172s] -- Up-to-date symlink: /home/sters/my_bot/install/my_bot/share/my_bot/local_setup.zsh
[0.172s] -- Up-to-date symlink: /home/sters/my_bot/install/my_bot/share/my_bot/local_setup.dsv
[0.173s] -- Symlinking: /home/sters/my_bot/install/my_bot/share/my_bot/package.dsv
[0.190s] -- Up-to-date symlink: /home/sters/my_bot/install/my_bot/share/ament_index/resource_index/packages/my_bot
[0.190s] -- Up-to-date symlink: /home/sters/my_bot/install/my_bot/share/my_bot/cmake/my_botConfig.cmake
[0.190s] -- Up-to-date symlink: /home/sters/my_bot/install/my_bot/share/my_bot/cmake/my_botConfig-version.cmake
[0.190s] -- Up-to-date symlink: /home/sters/my_bot/install/my_bot/share/my_bot/package.xml
[0.194s] Invoked command in '/home/sters/my_bot/build/my_bot' returned '0': CMAKE_PREFIX_PATH=${CMAKE_PREFIX_PATH}:/opt/ros/jazzy DEBUGINFOD_URLS=https://debuginfod.ubuntu.com /usr/bin/cmake --install /home/sters/my_bot/build/my_bot
