[0.016s] Invoking command in '/home/sters/my_bot/build/my_bot': CMAKE_PREFIX_PATH=${CMAKE_PREFIX_PATH}:/opt/ros/jazzy DEBUGINFOD_URLS=https://debuginfod.ubuntu.com /usr/bin/cmake /home/sters/my_bot -DAMENT_CMAKE_SYMLINK_INSTALL=1 -DCMAKE_INSTALL_PREFIX=/home/sters/my_bot/install/my_bot
[0.664s] -- The C compiler identification is GNU 13.2.0
[1.122s] -- The CXX compiler identification is GNU 13.2.0
[1.159s] -- Detecting C compiler ABI info
[1.347s] -- Detecting C compiler ABI info - done
[1.363s] -- Check for working C compiler: /usr/bin/cc - skipped
[1.364s] -- Detecting C compile features
[1.365s] -- Detecting C compile features - done
[1.381s] -- Detecting CXX compiler ABI info
[1.558s] -- Detecting CXX compiler ABI info - done
[1.574s] -- Check for working CXX compiler: /usr/bin/c++ - skipped
[1.574s] -- Detecting CXX compile features
[1.575s] -- Detecting CXX compile features - done
[1.581s] -- Found ament_cmake: 2.5.2 (/opt/ros/jazzy/share/ament_cmake/cmake)
[1.802s] -- Found Python3: /usr/bin/python3 (found version "3.12.3") found components: Interpreter 
[1.934s] -- Override CMake install command with custom implementation using symlinks instead of copying resources
[1.999s] -- Found ament_lint_auto: 0.17.1 (/opt/ros/jazzy/share/ament_lint_auto/cmake)
[2.190s] -- Added test 'copyright' to check source files copyright and LICENSE
[2.201s] -- Added test 'cppcheck' to perform static code analysis on C / C++ code
[2.201s] -- Configured cppcheck include dirs: 
[2.201s] -- Configured cppcheck exclude dirs and/or files: 
[2.211s] -- Added test 'cpplint' to check C / C++ code against the Google style
[2.211s] -- Configured cpplint exclude dirs and/or files: 
[2.213s] -- Added test 'flake8' to check Python code syntax and style conventions
[2.213s] -- Configured 'flake8' exclude dirs and/or files: 
[2.216s] -- Added test 'lint_cmake' to check CMake code style
[2.218s] -- Added test 'pep257' to check Python code against some of the docstring style conventions in PEP 257
[2.228s] -- Added test 'uncrustify' to check C / C++ code style
[2.228s] -- Configured uncrustify additional arguments: 
[2.230s] -- Added test 'xmllint' to check XML markup files
[2.236s] -- Configuring done (2.1s)
[2.240s] -- Generating done (0.0s)
[2.242s] -- Build files have been written to: /home/sters/my_bot/build/my_bot
[2.251s] Invoked command in '/home/sters/my_bot/build/my_bot' returned '0': CMAKE_PREFIX_PATH=${CMAKE_PREFIX_PATH}:/opt/ros/jazzy DEBUGINFOD_URLS=https://debuginfod.ubuntu.com /usr/bin/cmake /home/sters/my_bot -DAMENT_CMAKE_SYMLINK_INSTALL=1 -DCMAKE_INSTALL_PREFIX=/home/sters/my_bot/install/my_bot
[2.253s] Invoking command in '/home/sters/my_bot/build/my_bot': CMAKE_PREFIX_PATH=${CMAKE_PREFIX_PATH}:/opt/ros/jazzy DEBUGINFOD_URLS=https://debuginfod.ubuntu.com /usr/bin/cmake --build /home/sters/my_bot/build/my_bot -- -j4 -l4
[2.321s] Invoked command in '/home/sters/my_bot/build/my_bot' returned '0': CMAKE_PREFIX_PATH=${CMAKE_PREFIX_PATH}:/opt/ros/jazzy DEBUGINFOD_URLS=https://debuginfod.ubuntu.com /usr/bin/cmake --build /home/sters/my_bot/build/my_bot -- -j4 -l4
[2.371s] Invoking command in '/home/sters/my_bot/build/my_bot': CMAKE_PREFIX_PATH=${CMAKE_PREFIX_PATH}:/opt/ros/jazzy DEBUGINFOD_URLS=https://debuginfod.ubuntu.com /usr/bin/cmake --install /home/sters/my_bot/build/my_bot
[2.385s] -- Install configuration: ""
[2.385s] -- Execute custom install script
[2.386s] -- Symlinking: /home/sters/my_bot/install/my_bot/share/my_bot/config/drive_bot.rviz
[2.403s] -- Symlinking: /home/sters/my_bot/install/my_bot/share/my_bot/config/mapper_params_online_async.yaml
[2.419s] -- Symlinking: /home/sters/my_bot/install/my_bot/share/my_bot/config/view_bot.rviz
[2.436s] -- Symlinking: /home/sters/my_bot/install/my_bot/share/my_bot/description/gazebo_control.xacro
[2.452s] -- Symlinking: /home/sters/my_bot/install/my_bot/share/my_bot/description/inertial_macros.xacro
[2.469s] -- Symlinking: /home/sters/my_bot/install/my_bot/share/my_bot/description/lidar.xacro
[2.485s] -- Symlinking: /home/sters/my_bot/install/my_bot/share/my_bot/description/robot.urdf.xacro
[2.502s] -- Symlinking: /home/sters/my_bot/install/my_bot/share/my_bot/description/robot_core.xacro
[2.519s] -- Symlinking: /home/sters/my_bot/install/my_bot/share/my_bot/launch/launch_sim.launch.py
[2.536s] -- Symlinking: /home/sters/my_bot/install/my_bot/share/my_bot/launch/rplidar.launch.py
[2.552s] -- Symlinking: /home/sters/my_bot/install/my_bot/share/my_bot/launch/rsp.launch.py
[2.569s] -- Symlinking: /home/sters/my_bot/install/my_bot/share/my_bot/worlds/building_robot.sdf
[2.585s] -- Symlinking: /home/sters/my_bot/install/my_bot/share/my_bot/worlds/empty.world
[2.602s] -- Symlinking: /home/sters/my_bot/install/my_bot/share/my_bot/worlds/obstacles.world
[2.619s] -- Symlinking: /home/sters/my_bot/install/my_bot/share/ament_index/resource_index/package_run_dependencies/my_bot
[2.636s] -- Symlinking: /home/sters/my_bot/install/my_bot/share/ament_index/resource_index/parent_prefix_path/my_bot
[2.653s] -- Symlinking: /home/sters/my_bot/install/my_bot/share/my_bot/environment/ament_prefix_path.sh
[2.670s] -- Symlinking: /home/sters/my_bot/install/my_bot/share/my_bot/environment/ament_prefix_path.dsv
[2.685s] -- Symlinking: /home/sters/my_bot/install/my_bot/share/my_bot/environment/path.sh
[2.702s] -- Symlinking: /home/sters/my_bot/install/my_bot/share/my_bot/environment/path.dsv
[2.718s] -- Symlinking: /home/sters/my_bot/install/my_bot/share/my_bot/local_setup.bash
[2.735s] -- Symlinking: /home/sters/my_bot/install/my_bot/share/my_bot/local_setup.sh
[2.752s] -- Symlinking: /home/sters/my_bot/install/my_bot/share/my_bot/local_setup.zsh
[2.768s] -- Symlinking: /home/sters/my_bot/install/my_bot/share/my_bot/local_setup.dsv
[2.785s] -- Symlinking: /home/sters/my_bot/install/my_bot/share/my_bot/package.dsv
[2.801s] -- Symlinking: /home/sters/my_bot/install/my_bot/share/ament_index/resource_index/packages/my_bot
[2.818s] -- Symlinking: /home/sters/my_bot/install/my_bot/share/my_bot/cmake/my_botConfig.cmake
[2.833s] -- Symlinking: /home/sters/my_bot/install/my_bot/share/my_bot/cmake/my_botConfig-version.cmake
[2.850s] -- Symlinking: /home/sters/my_bot/install/my_bot/share/my_bot/package.xml
[2.870s] Invoked command in '/home/sters/my_bot/build/my_bot' returned '0': CMAKE_PREFIX_PATH=${CMAKE_PREFIX_PATH}:/opt/ros/jazzy DEBUGINFOD_URLS=https://debuginfod.ubuntu.com /usr/bin/cmake --install /home/sters/my_bot/build/my_bot
