[0.282s] DEBUG:colcon:Command line arguments: ['/usr/bin/colcon', 'build', '--symlink-install']
[0.282s] DEBUG:colcon:Parsed command line arguments: Namespace(log_base=None, log_level=None, verb_name='build', build_base='build', install_base='install', merge_install=False, symlink_install=True, test_result_base=None, continue_on_error=False, executor='parallel', parallel_workers=4, event_handlers=None, ignore_user_meta=False, metas=['./colcon.meta'], base_paths=['.'], packages_ignore=None, packages_ignore_regex=None, paths=None, packages_up_to=None, packages_up_to_regex=None, packages_above=None, packages_above_and_dependencies=None, packages_above_depth=None, packages_select_by_dep=None, packages_skip_by_dep=None, packages_skip_up_to=None, packages_select_build_failed=False, packages_skip_build_finished=False, packages_select_test_failures=False, packages_skip_test_passed=False, packages_select=None, packages_skip=None, packages_select_regex=None, packages_skip_regex=None, packages_start=None, packages_end=None, allow_overriding=[], cmake_args=None, cmake_target=None, cmake_target_skip_unavailable=False, cmake_clean_cache=False, cmake_clean_first=False, cmake_force_configure=False, ament_cmake_args=None, catkin_cmake_args=None, catkin_skip_building_tests=False, mixin_files=None, mixin=None, verb_parser=<colcon_mixin.mixin.mixin_argument.MixinArgumentDecorator object at 0xffffa1b51ca0>, verb_extension=<colcon_core.verb.build.BuildVerb object at 0xffffa1b519a0>, main=<bound method BuildVerb.main of <colcon_core.verb.build.BuildVerb object at 0xffffa1b519a0>>, mixin_verb=('build',))
[0.386s] Level 1:colcon.colcon_core.package_discovery:discover_packages(colcon_meta) check parameters
[0.386s] Level 1:colcon.colcon_core.package_discovery:discover_packages(recursive) check parameters
[0.386s] Level 1:colcon.colcon_core.package_discovery:discover_packages(ignore) check parameters
[0.386s] Level 1:colcon.colcon_core.package_discovery:discover_packages(path) check parameters
[0.386s] Level 1:colcon.colcon_core.package_discovery:discover_packages(colcon_meta) discover
[0.386s] Level 1:colcon.colcon_core.package_discovery:discover_packages(recursive) discover
[0.386s] INFO:colcon.colcon_core.package_discovery:Crawling recursively for packages in '/home/sters/my_bot'
[0.387s] Level 1:colcon.colcon_core.package_identification:_identify(.) by extensions ['ignore', 'ignore_ament_install']
[0.387s] Level 1:colcon.colcon_core.package_identification:_identify(.) by extension 'ignore'
[0.387s] Level 1:colcon.colcon_core.package_identification:_identify(.) by extension 'ignore_ament_install'
[0.387s] Level 1:colcon.colcon_core.package_identification:_identify(.) by extensions ['colcon_pkg']
[0.387s] Level 1:colcon.colcon_core.package_identification:_identify(.) by extension 'colcon_pkg'
[0.387s] Level 1:colcon.colcon_core.package_identification:_identify(.) by extensions ['colcon_meta']
[0.387s] Level 1:colcon.colcon_core.package_identification:_identify(.) by extension 'colcon_meta'
[0.387s] Level 1:colcon.colcon_core.package_identification:_identify(.) by extensions ['ros']
[0.387s] Level 1:colcon.colcon_core.package_identification:_identify(.) by extension 'ros'
[0.446s] DEBUG:colcon.colcon_core.package_identification:Package '.' with type 'ros.ament_cmake' and name 'my_bot'
[0.447s] Level 1:colcon.colcon_core.package_discovery:discover_packages(recursive) using defaults
[0.447s] Level 1:colcon.colcon_core.package_discovery:discover_packages(ignore) discover
[0.447s] Level 1:colcon.colcon_core.package_discovery:discover_packages(ignore) using defaults
[0.447s] Level 1:colcon.colcon_core.package_discovery:discover_packages(path) discover
[0.447s] Level 1:colcon.colcon_core.package_discovery:discover_packages(path) using defaults
[0.486s] Level 1:colcon.colcon_core.package_discovery:discover_packages(prefix_path) check parameters
[0.487s] Level 1:colcon.colcon_core.package_discovery:discover_packages(prefix_path) discover
[0.493s] DEBUG:colcon.colcon_installed_package_information.package_discovery:Found 286 installed packages in /opt/ros/jazzy
[0.494s] Level 1:colcon.colcon_core.package_discovery:discover_packages(prefix_path) using defaults
[0.557s] Level 5:colcon.colcon_core.verb:set package 'my_bot' build argument 'cmake_args' from command line to 'None'
[0.557s] Level 5:colcon.colcon_core.verb:set package 'my_bot' build argument 'cmake_target' from command line to 'None'
[0.557s] Level 5:colcon.colcon_core.verb:set package 'my_bot' build argument 'cmake_target_skip_unavailable' from command line to 'False'
[0.557s] Level 5:colcon.colcon_core.verb:set package 'my_bot' build argument 'cmake_clean_cache' from command line to 'False'
[0.557s] Level 5:colcon.colcon_core.verb:set package 'my_bot' build argument 'cmake_clean_first' from command line to 'False'
[0.557s] Level 5:colcon.colcon_core.verb:set package 'my_bot' build argument 'cmake_force_configure' from command line to 'False'
[0.557s] Level 5:colcon.colcon_core.verb:set package 'my_bot' build argument 'ament_cmake_args' from command line to 'None'
[0.557s] Level 5:colcon.colcon_core.verb:set package 'my_bot' build argument 'catkin_cmake_args' from command line to 'None'
[0.557s] Level 5:colcon.colcon_core.verb:set package 'my_bot' build argument 'catkin_skip_building_tests' from command line to 'False'
[0.557s] DEBUG:colcon.colcon_core.verb:Building package 'my_bot' with the following arguments: {'ament_cmake_args': None, 'build_base': '/home/sters/my_bot/build/my_bot', 'catkin_cmake_args': None, 'catkin_skip_building_tests': False, 'cmake_args': None, 'cmake_clean_cache': False, 'cmake_clean_first': False, 'cmake_force_configure': False, 'cmake_target': None, 'cmake_target_skip_unavailable': False, 'install_base': '/home/sters/my_bot/install/my_bot', 'merge_install': False, 'path': '/home/sters/my_bot', 'symlink_install': True, 'test_result_base': None}
[0.558s] INFO:colcon.colcon_core.executor:Executing jobs using 'parallel' executor
[0.559s] DEBUG:colcon.colcon_parallel_executor.executor.parallel:run_until_complete
[0.559s] INFO:colcon.colcon_ros.task.ament_cmake.build:Building ROS package in '/home/sters/my_bot' with build type 'ament_cmake'
[0.559s] INFO:colcon.colcon_cmake.task.cmake.build:Building CMake package in '/home/sters/my_bot'
[0.567s] INFO:colcon.colcon_core.plugin_system:Skipping extension 'colcon_core.shell.bat': Not used on non-Windows systems
[0.567s] INFO:colcon.colcon_core.shell:Skip shell extension 'powershell' for command environment: Not usable outside of PowerShell
[0.567s] DEBUG:colcon.colcon_core.shell:Skip shell extension 'dsv' for command environment
[0.576s] DEBUG:colcon.colcon_core.event_handler.log_command:Invoking command in '/home/sters/my_bot/build/my_bot': CMAKE_PREFIX_PATH=${CMAKE_PREFIX_PATH}:/opt/ros/jazzy DEBUGINFOD_URLS=https://debuginfod.ubuntu.com /usr/bin/cmake /home/sters/my_bot -DAMENT_CMAKE_SYMLINK_INSTALL=1 -DCMAKE_INSTALL_PREFIX=/home/sters/my_bot/install/my_bot
[2.810s] DEBUG:colcon.colcon_core.event_handler.log_command:Invoked command in '/home/sters/my_bot/build/my_bot' returned '0': CMAKE_PREFIX_PATH=${CMAKE_PREFIX_PATH}:/opt/ros/jazzy DEBUGINFOD_URLS=https://debuginfod.ubuntu.com /usr/bin/cmake /home/sters/my_bot -DAMENT_CMAKE_SYMLINK_INSTALL=1 -DCMAKE_INSTALL_PREFIX=/home/sters/my_bot/install/my_bot
[2.812s] DEBUG:colcon.colcon_core.event_handler.log_command:Invoking command in '/home/sters/my_bot/build/my_bot': CMAKE_PREFIX_PATH=${CMAKE_PREFIX_PATH}:/opt/ros/jazzy DEBUGINFOD_URLS=https://debuginfod.ubuntu.com /usr/bin/cmake --build /home/sters/my_bot/build/my_bot -- -j4 -l4
[2.880s] DEBUG:colcon.colcon_core.event_handler.log_command:Invoked command in '/home/sters/my_bot/build/my_bot' returned '0': CMAKE_PREFIX_PATH=${CMAKE_PREFIX_PATH}:/opt/ros/jazzy DEBUGINFOD_URLS=https://debuginfod.ubuntu.com /usr/bin/cmake --build /home/sters/my_bot/build/my_bot -- -j4 -l4
[2.931s] DEBUG:colcon.colcon_core.event_handler.log_command:Invoking command in '/home/sters/my_bot/build/my_bot': CMAKE_PREFIX_PATH=${CMAKE_PREFIX_PATH}:/opt/ros/jazzy DEBUGINFOD_URLS=https://debuginfod.ubuntu.com /usr/bin/cmake --install /home/sters/my_bot/build/my_bot
[3.429s] Level 1:colcon.colcon_core.environment:create_environment_scripts_only(my_bot)
[3.430s] DEBUG:colcon.colcon_core.event_handler.log_command:Invoked command in '/home/sters/my_bot/build/my_bot' returned '0': CMAKE_PREFIX_PATH=${CMAKE_PREFIX_PATH}:/opt/ros/jazzy DEBUGINFOD_URLS=https://debuginfod.ubuntu.com /usr/bin/cmake --install /home/sters/my_bot/build/my_bot
[3.439s] Level 1:colcon.colcon_core.environment:checking '/home/sters/my_bot/install/my_bot' for CMake module files
[3.439s] Level 1:colcon.colcon_core.environment:checking '/home/sters/my_bot/install/my_bot' for CMake config files
[3.440s] Level 1:colcon.colcon_core.shell:create_environment_hook('my_bot', 'cmake_prefix_path')
[3.440s] INFO:colcon.colcon_core.shell:Creating environment hook '/home/sters/my_bot/install/my_bot/share/my_bot/hook/cmake_prefix_path.ps1'
[3.442s] INFO:colcon.colcon_core.shell:Creating environment descriptor '/home/sters/my_bot/install/my_bot/share/my_bot/hook/cmake_prefix_path.dsv'
[3.443s] INFO:colcon.colcon_core.shell:Creating environment hook '/home/sters/my_bot/install/my_bot/share/my_bot/hook/cmake_prefix_path.sh'
[3.444s] Level 1:colcon.colcon_core.environment:checking '/home/sters/my_bot/install/my_bot/bin'
[3.444s] Level 1:colcon.colcon_core.environment:checking '/home/sters/my_bot/install/my_bot/lib/pkgconfig/my_bot.pc'
[3.445s] Level 1:colcon.colcon_core.environment:checking '/home/sters/my_bot/install/my_bot/lib/python3.12/site-packages'
[3.445s] Level 1:colcon.colcon_core.environment:checking '/home/sters/my_bot/install/my_bot/bin'
[3.446s] INFO:colcon.colcon_core.shell:Creating package script '/home/sters/my_bot/install/my_bot/share/my_bot/package.ps1'
[3.447s] INFO:colcon.colcon_core.shell:Creating package descriptor '/home/sters/my_bot/install/my_bot/share/my_bot/package.dsv'
[3.448s] INFO:colcon.colcon_core.shell:Creating package script '/home/sters/my_bot/install/my_bot/share/my_bot/package.sh'
[3.449s] INFO:colcon.colcon_core.shell:Creating package script '/home/sters/my_bot/install/my_bot/share/my_bot/package.bash'
[3.450s] INFO:colcon.colcon_core.shell:Creating package script '/home/sters/my_bot/install/my_bot/share/my_bot/package.zsh'
[3.452s] Level 1:colcon.colcon_core.environment:create_file_with_runtime_dependencies(/home/sters/my_bot/install/my_bot/share/colcon-core/packages/my_bot)
[3.486s] Level 1:colcon.colcon_core.environment:create_environment_scripts_only(my_bot)
[3.486s] Level 1:colcon.colcon_core.environment:checking '/home/sters/my_bot/install/my_bot' for CMake module files
[3.487s] Level 1:colcon.colcon_core.environment:checking '/home/sters/my_bot/install/my_bot' for CMake config files
[3.487s] Level 1:colcon.colcon_core.shell:create_environment_hook('my_bot', 'cmake_prefix_path')
[3.488s] INFO:colcon.colcon_core.shell:Creating environment hook '/home/sters/my_bot/install/my_bot/share/my_bot/hook/cmake_prefix_path.ps1'
[3.489s] INFO:colcon.colcon_core.shell:Creating environment descriptor '/home/sters/my_bot/install/my_bot/share/my_bot/hook/cmake_prefix_path.dsv'
[3.490s] INFO:colcon.colcon_core.shell:Creating environment hook '/home/sters/my_bot/install/my_bot/share/my_bot/hook/cmake_prefix_path.sh'
[3.492s] Level 1:colcon.colcon_core.environment:checking '/home/sters/my_bot/install/my_bot/bin'
[3.492s] Level 1:colcon.colcon_core.environment:checking '/home/sters/my_bot/install/my_bot/lib/pkgconfig/my_bot.pc'
[3.493s] Level 1:colcon.colcon_core.environment:checking '/home/sters/my_bot/install/my_bot/lib/python3.12/site-packages'
[3.493s] Level 1:colcon.colcon_core.environment:checking '/home/sters/my_bot/install/my_bot/bin'
[3.493s] INFO:colcon.colcon_core.shell:Creating package script '/home/sters/my_bot/install/my_bot/share/my_bot/package.ps1'
[3.494s] INFO:colcon.colcon_core.shell:Creating package descriptor '/home/sters/my_bot/install/my_bot/share/my_bot/package.dsv'
[3.498s] INFO:colcon.colcon_core.shell:Creating package script '/home/sters/my_bot/install/my_bot/share/my_bot/package.sh'
[3.499s] INFO:colcon.colcon_core.shell:Creating package script '/home/sters/my_bot/install/my_bot/share/my_bot/package.bash'
[3.499s] INFO:colcon.colcon_core.shell:Creating package script '/home/sters/my_bot/install/my_bot/share/my_bot/package.zsh'
[3.500s] Level 1:colcon.colcon_core.environment:create_file_with_runtime_dependencies(/home/sters/my_bot/install/my_bot/share/colcon-core/packages/my_bot)
[3.500s] DEBUG:colcon.colcon_parallel_executor.executor.parallel:closing loop
[3.501s] DEBUG:colcon.colcon_parallel_executor.executor.parallel:loop closed
[3.501s] DEBUG:colcon.colcon_parallel_executor.executor.parallel:run_until_complete finished with '0'
[3.501s] DEBUG:colcon.colcon_core.event_reactor:joining thread
[3.512s] INFO:colcon.colcon_core.plugin_system:Skipping extension 'colcon_notification.desktop_notification.terminal_notifier': Not used on non-Darwin systems
[3.512s] INFO:colcon.colcon_core.plugin_system:Skipping extension 'colcon_notification.desktop_notification.win32': Not used on non-Windows systems
[3.512s] INFO:colcon.colcon_notification.desktop_notification:Sending desktop notification using 'notify2'
[3.513s] DEBUG:colcon.colcon_notification.desktop_notification.notify2:Failed to initialize notify2: org.freedesktop.DBus.Error.ServiceUnknown: The name org.freedesktop.Notifications was not provided by any .service files
[3.514s] DEBUG:colcon.colcon_core.event_reactor:joined thread
[3.514s] INFO:colcon.colcon_core.shell:Creating prefix script '/home/sters/my_bot/install/local_setup.ps1'
[3.516s] INFO:colcon.colcon_core.shell:Creating prefix util module '/home/sters/my_bot/install/_local_setup_util_ps1.py'
[3.518s] INFO:colcon.colcon_core.shell:Creating prefix chain script '/home/sters/my_bot/install/setup.ps1'
[3.519s] INFO:colcon.colcon_core.shell:Creating prefix script '/home/sters/my_bot/install/local_setup.sh'
[3.520s] INFO:colcon.colcon_core.shell:Creating prefix util module '/home/sters/my_bot/install/_local_setup_util_sh.py'
[3.521s] INFO:colcon.colcon_core.shell:Creating prefix chain script '/home/sters/my_bot/install/setup.sh'
[3.522s] INFO:colcon.colcon_core.shell:Creating prefix script '/home/sters/my_bot/install/local_setup.bash'
[3.523s] INFO:colcon.colcon_core.shell:Creating prefix chain script '/home/sters/my_bot/install/setup.bash'
[3.524s] INFO:colcon.colcon_core.shell:Creating prefix script '/home/sters/my_bot/install/local_setup.zsh'
[3.525s] INFO:colcon.colcon_core.shell:Creating prefix chain script '/home/sters/my_bot/install/setup.zsh'
